Train Epoch: 1 [0/35339 (0%)]	Loss: 3.790214
Train Epoch: 1 [640/35339 (2%)]	Loss: 3.810627
Train Epoch: 1 [1280/35339 (4%)]	Loss: 3.789944
Train Epoch: 1 [1920/35339 (5%)]	Loss: 3.770597
Train Epoch: 1 [2560/35339 (7%)]	Loss: 3.733250
Train Epoch: 1 [3200/35339 (9%)]	Loss: 3.674726
Train Epoch: 1 [3840/35339 (11%)]	Loss: 3.729095
Train Epoch: 1 [4480/35339 (13%)]	Loss: 3.672324
Train Epoch: 1 [5120/35339 (14%)]	Loss: 3.697759
Train Epoch: 1 [5760/35339 (16%)]	Loss: 3.614910
Train Epoch: 1 [6400/35339 (18%)]	Loss: 3.662546
Train Epoch: 1 [7040/35339 (20%)]	Loss: 3.501366
Train Epoch: 1 [7680/35339 (22%)]	Loss: 3.546690
Train Epoch: 1 [8320/35339 (24%)]	Loss: 3.588546
Train Epoch: 1 [8960/35339 (25%)]	Loss: 3.576453
Train Epoch: 1 [9600/35339 (27%)]	Loss: 3.514941
Train Epoch: 1 [10240/35339 (29%)]	Loss: 3.453390
Train Epoch: 1 [10880/35339 (31%)]	Loss: 3.335000
Train Epoch: 1 [11520/35339 (33%)]	Loss: 3.418540
Train Epoch: 1 [12160/35339 (34%)]	Loss: 3.485327
Train Epoch: 1 [12800/35339 (36%)]	Loss: 3.511421
Train Epoch: 1 [13440/35339 (38%)]	Loss: 3.422239
Train Epoch: 1 [14080/35339 (40%)]	Loss: 3.474804
Train Epoch: 1 [14720/35339 (42%)]	Loss: 3.434478
Train Epoch: 1 [15360/35339 (43%)]	Loss: 3.506904
Train Epoch: 1 [16000/35339 (45%)]	Loss: 3.608030
Train Epoch: 1 [16640/35339 (47%)]	Loss: 3.395896
Train Epoch: 1 [17280/35339 (49%)]	Loss: 3.409170
Train Epoch: 1 [17920/35339 (51%)]	Loss: 3.427486
Train Epoch: 1 [18560/35339 (52%)]	Loss: 3.466056
Train Epoch: 1 [19200/35339 (54%)]	Loss: 3.498578
Train Epoch: 1 [19840/35339 (56%)]	Loss: 3.363797
Train Epoch: 1 [20480/35339 (58%)]	Loss: 3.413930
Train Epoch: 1 [21120/35339 (60%)]	Loss: 3.362140
Train Epoch: 1 [21760/35339 (61%)]	Loss: 3.342505
Train Epoch: 1 [22400/35339 (63%)]	Loss: 3.276444
Train Epoch: 1 [23040/35339 (65%)]	Loss: 3.349975
Train Epoch: 1 [23680/35339 (67%)]	Loss: 3.184784
Train Epoch: 1 [24320/35339 (69%)]	Loss: 3.412263
Train Epoch: 1 [24960/35339 (71%)]	Loss: 3.337969
Train Epoch: 1 [25600/35339 (72%)]	Loss: 3.131821
Train Epoch: 1 [26240/35339 (74%)]	Loss: 3.277505
Train Epoch: 1 [26880/35339 (76%)]	Loss: 3.396401
Train Epoch: 1 [27520/35339 (78%)]	Loss: 3.064302
Train Epoch: 1 [28160/35339 (80%)]	Loss: 3.439537
Train Epoch: 1 [28800/35339 (81%)]	Loss: 3.322226
Train Epoch: 1 [29440/35339 (83%)]	Loss: 3.107913
Train Epoch: 1 [30080/35339 (85%)]	Loss: 3.155301
Train Epoch: 1 [30720/35339 (87%)]	Loss: 3.201419
Train Epoch: 1 [31360/35339 (89%)]	Loss: 3.132151
Train Epoch: 1 [32000/35339 (90%)]	Loss: 2.916315
Train Epoch: 1 [32640/35339 (92%)]	Loss: 2.981498
Train Epoch: 1 [33280/35339 (94%)]	Loss: 2.813782
Train Epoch: 1 [33920/35339 (96%)]	Loss: 3.096272
Train Epoch: 1 [34560/35339 (98%)]	Loss: 2.981024
Train Epoch: 1 [35200/35339 (99%)]	Loss: 2.943409
/home/am9850/traffic-sign-detection-homework/model.py:23: UserWarning: Implicit dimension choice for log_softmax has been deprecated. Change the call to include dim=X as an argument.
  return F.log_softmax(x)

Validation set: Average loss: 3.6493, Accuracy: 498/3870 (13%)


Saved model to model_1.pth. You can run `python evaluate.py --modelmodel_1.pth` to generate the Kaggle formatted csv file
main.py:69: UserWarning: volatile was removed and now has no effect. Use `with torch.no_grad():` instead.
  data, target = Variable(data, volatile=True), Variable(target)
/home/am9850/.conda/envs/env/lib/python3.6/site-packages/torch/nn/_reduction.py:43: UserWarning: size_average and reduce args will be deprecated, please use reduction='sum' instead.
  warnings.warn(warning.format(ret))
Train Epoch: 2 [0/35339 (0%)]	Loss: 2.747139
Train Epoch: 2 [640/35339 (2%)]	Loss: 2.867010
Train Epoch: 2 [1280/35339 (4%)]	Loss: 2.988051
Train Epoch: 2 [1920/35339 (5%)]	Loss: 2.976752
Train Epoch: 2 [2560/35339 (7%)]	Loss: 2.888032
Train Epoch: 2 [3200/35339 (9%)]	Loss: 2.687984
Train Epoch: 2 [3840/35339 (11%)]	Loss: 2.642491
Train Epoch: 2 [4480/35339 (13%)]	Loss: 2.351742
Train Epoch: 2 [5120/35339 (14%)]	Loss: 2.567183
Train Epoch: 2 [5760/35339 (16%)]	Loss: 2.569254
Train Epoch: 2 [6400/35339 (18%)]	Loss: 2.763309
Train Epoch: 2 [7040/35339 (20%)]	Loss: 2.476489
Train Epoch: 2 [7680/35339 (22%)]	Loss: 2.563040
Train Epoch: 2 [8320/35339 (24%)]	Loss: 2.400199
Train Epoch: 2 [8960/35339 (25%)]	Loss: 2.861221
Train Epoch: 2 [9600/35339 (27%)]	Loss: 2.451856
Train Epoch: 2 [10240/35339 (29%)]	Loss: 2.551950
Train Epoch: 2 [10880/35339 (31%)]	Loss: 2.377026
Train Epoch: 2 [11520/35339 (33%)]	Loss: 2.778210
Train Epoch: 2 [12160/35339 (34%)]	Loss: 2.367351
Train Epoch: 2 [12800/35339 (36%)]	Loss: 2.481851
Train Epoch: 2 [13440/35339 (38%)]	Loss: 2.296780
Train Epoch: 2 [14080/35339 (40%)]	Loss: 2.224539
Train Epoch: 2 [14720/35339 (42%)]	Loss: 2.494138
Train Epoch: 2 [15360/35339 (43%)]	Loss: 2.197622
Train Epoch: 2 [16000/35339 (45%)]	Loss: 2.320829
Train Epoch: 2 [16640/35339 (47%)]	Loss: 2.552917
Train Epoch: 2 [17280/35339 (49%)]	Loss: 2.395586
Train Epoch: 2 [17920/35339 (51%)]	Loss: 2.043715
Train Epoch: 2 [18560/35339 (52%)]	Loss: 2.110986
Train Epoch: 2 [19200/35339 (54%)]	Loss: 2.264094
Train Epoch: 2 [19840/35339 (56%)]	Loss: 2.127359
Train Epoch: 2 [20480/35339 (58%)]	Loss: 2.231789
Train Epoch: 2 [21120/35339 (60%)]	Loss: 2.235183
Train Epoch: 2 [21760/35339 (61%)]	Loss: 2.141501
Train Epoch: 2 [22400/35339 (63%)]	Loss: 2.139566
Train Epoch: 2 [23040/35339 (65%)]	Loss: 1.928807
Train Epoch: 2 [23680/35339 (67%)]	Loss: 2.233869
Train Epoch: 2 [24320/35339 (69%)]	Loss: 2.033678
Train Epoch: 2 [24960/35339 (71%)]	Loss: 1.822366
Train Epoch: 2 [25600/35339 (72%)]	Loss: 1.827300
Train Epoch: 2 [26240/35339 (74%)]	Loss: 2.145025
Train Epoch: 2 [26880/35339 (76%)]	Loss: 1.937784
Train Epoch: 2 [27520/35339 (78%)]	Loss: 1.744694
Train Epoch: 2 [28160/35339 (80%)]	Loss: 2.282234
Train Epoch: 2 [28800/35339 (81%)]	Loss: 1.758842
Train Epoch: 2 [29440/35339 (83%)]	Loss: 1.778703
Train Epoch: 2 [30080/35339 (85%)]	Loss: 2.004593
Train Epoch: 2 [30720/35339 (87%)]	Loss: 1.983026
Train Epoch: 2 [31360/35339 (89%)]	Loss: 1.739397
Train Epoch: 2 [32000/35339 (90%)]	Loss: 1.602553
Train Epoch: 2 [32640/35339 (92%)]	Loss: 1.638144
Train Epoch: 2 [33280/35339 (94%)]	Loss: 1.814983
Train Epoch: 2 [33920/35339 (96%)]	Loss: 1.668826
Train Epoch: 2 [34560/35339 (98%)]	Loss: 1.729956
Train Epoch: 2 [35200/35339 (99%)]	Loss: 1.654113

Validation set: Average loss: 2.4159, Accuracy: 1278/3870 (33%)


Saved model to model_2.pth. You can run `python evaluate.py --modelmodel_2.pth` to generate the Kaggle formatted csv file
Train Epoch: 3 [0/35339 (0%)]	Loss: 1.852014
Train Epoch: 3 [640/35339 (2%)]	Loss: 1.624174
Train Epoch: 3 [1280/35339 (4%)]	Loss: 1.670335
Train Epoch: 3 [1920/35339 (5%)]	Loss: 1.957035
Train Epoch: 3 [2560/35339 (7%)]	Loss: 1.536843
Train Epoch: 3 [3200/35339 (9%)]	Loss: 1.889858
Train Epoch: 3 [3840/35339 (11%)]	Loss: 2.158611
Train Epoch: 3 [4480/35339 (13%)]	Loss: 1.470822
Train Epoch: 3 [5120/35339 (14%)]	Loss: 1.517052
Train Epoch: 3 [5760/35339 (16%)]	Loss: 1.665485
Train Epoch: 3 [6400/35339 (18%)]	Loss: 1.854078
Train Epoch: 3 [7040/35339 (20%)]	Loss: 1.793322
Train Epoch: 3 [7680/35339 (22%)]	Loss: 1.742743
Train Epoch: 3 [8320/35339 (24%)]	Loss: 1.831062
Train Epoch: 3 [8960/35339 (25%)]	Loss: 1.736750
Train Epoch: 3 [9600/35339 (27%)]	Loss: 1.630751
Train Epoch: 3 [10240/35339 (29%)]	Loss: 1.871222
Train Epoch: 3 [10880/35339 (31%)]	Loss: 1.383425
Train Epoch: 3 [11520/35339 (33%)]	Loss: 1.276600
Train Epoch: 3 [12160/35339 (34%)]	Loss: 1.572544
Train Epoch: 3 [12800/35339 (36%)]	Loss: 1.618099
Train Epoch: 3 [13440/35339 (38%)]	Loss: 1.270700
Train Epoch: 3 [14080/35339 (40%)]	Loss: 1.602103
Train Epoch: 3 [14720/35339 (42%)]	Loss: 1.413058
Train Epoch: 3 [15360/35339 (43%)]	Loss: 1.525462
Train Epoch: 3 [16000/35339 (45%)]	Loss: 1.237546
Train Epoch: 3 [16640/35339 (47%)]	Loss: 1.456444
Train Epoch: 3 [17280/35339 (49%)]	Loss: 1.633518
Train Epoch: 3 [17920/35339 (51%)]	Loss: 1.452481
Train Epoch: 3 [18560/35339 (52%)]	Loss: 1.483958
Train Epoch: 3 [19200/35339 (54%)]	Loss: 1.278065
Train Epoch: 3 [19840/35339 (56%)]	Loss: 1.567174
Train Epoch: 3 [20480/35339 (58%)]	Loss: 1.339834
Train Epoch: 3 [21120/35339 (60%)]	Loss: 1.365993
Train Epoch: 3 [21760/35339 (61%)]	Loss: 1.512447
Train Epoch: 3 [22400/35339 (63%)]	Loss: 1.158368
Train Epoch: 3 [23040/35339 (65%)]	Loss: 1.556414
Train Epoch: 3 [23680/35339 (67%)]	Loss: 1.406396
Train Epoch: 3 [24320/35339 (69%)]	Loss: 1.385770
Train Epoch: 3 [24960/35339 (71%)]	Loss: 1.494501
Train Epoch: 3 [25600/35339 (72%)]	Loss: 1.561890
Train Epoch: 3 [26240/35339 (74%)]	Loss: 1.231201
Train Epoch: 3 [26880/35339 (76%)]	Loss: 1.546625
Train Epoch: 3 [27520/35339 (78%)]	Loss: 1.581675
Train Epoch: 3 [28160/35339 (80%)]	Loss: 1.389231
Train Epoch: 3 [28800/35339 (81%)]	Loss: 1.395434
Train Epoch: 3 [29440/35339 (83%)]	Loss: 1.362916
Train Epoch: 3 [30080/35339 (85%)]	Loss: 1.608825
Train Epoch: 3 [30720/35339 (87%)]	Loss: 1.246734
Train Epoch: 3 [31360/35339 (89%)]	Loss: 1.242004
Train Epoch: 3 [32000/35339 (90%)]	Loss: 1.365817
Train Epoch: 3 [32640/35339 (92%)]	Loss: 1.439376
Train Epoch: 3 [33280/35339 (94%)]	Loss: 1.484988
Train Epoch: 3 [33920/35339 (96%)]	Loss: 1.304114
Train Epoch: 3 [34560/35339 (98%)]	Loss: 1.347026
Train Epoch: 3 [35200/35339 (99%)]	Loss: 1.518546

Validation set: Average loss: 1.5877, Accuracy: 2113/3870 (55%)


Saved model to model_3.pth. You can run `python evaluate.py --modelmodel_3.pth` to generate the Kaggle formatted csv file
Train Epoch: 4 [0/35339 (0%)]	Loss: 1.027722
Train Epoch: 4 [640/35339 (2%)]	Loss: 1.513526
Train Epoch: 4 [1280/35339 (4%)]	Loss: 1.341501
Train Epoch: 4 [1920/35339 (5%)]	Loss: 1.173860
Train Epoch: 4 [2560/35339 (7%)]	Loss: 1.250028
Train Epoch: 4 [3200/35339 (9%)]	Loss: 1.216607
Train Epoch: 4 [3840/35339 (11%)]	Loss: 1.615024
Train Epoch: 4 [4480/35339 (13%)]	Loss: 1.074142
Train Epoch: 4 [5120/35339 (14%)]	Loss: 1.441381
Train Epoch: 4 [5760/35339 (16%)]	Loss: 1.086828
Train Epoch: 4 [6400/35339 (18%)]	Loss: 1.065466
Train Epoch: 4 [7040/35339 (20%)]	Loss: 1.139757
Train Epoch: 4 [7680/35339 (22%)]	Loss: 1.424434
Train Epoch: 4 [8320/35339 (24%)]	Loss: 1.280152
Train Epoch: 4 [8960/35339 (25%)]	Loss: 1.241929
Train Epoch: 4 [9600/35339 (27%)]	Loss: 1.049703
Train Epoch: 4 [10240/35339 (29%)]	Loss: 0.973082
Train Epoch: 4 [10880/35339 (31%)]	Loss: 1.057975
Train Epoch: 4 [11520/35339 (33%)]	Loss: 1.271682
Train Epoch: 4 [12160/35339 (34%)]	Loss: 0.984049
Train Epoch: 4 [12800/35339 (36%)]	Loss: 0.985842
Train Epoch: 4 [13440/35339 (38%)]	Loss: 0.799609
Train Epoch: 4 [14080/35339 (40%)]	Loss: 1.062502
Train Epoch: 4 [14720/35339 (42%)]	Loss: 1.030812
Train Epoch: 4 [15360/35339 (43%)]	Loss: 1.295501
Train Epoch: 4 [16000/35339 (45%)]	Loss: 1.206773
Train Epoch: 4 [16640/35339 (47%)]	Loss: 1.188731
Train Epoch: 4 [17280/35339 (49%)]	Loss: 1.398986
Train Epoch: 4 [17920/35339 (51%)]	Loss: 1.359398
Train Epoch: 4 [18560/35339 (52%)]	Loss: 1.006129
Train Epoch: 4 [19200/35339 (54%)]	Loss: 1.012483
Train Epoch: 4 [19840/35339 (56%)]	Loss: 1.221878
Train Epoch: 4 [20480/35339 (58%)]	Loss: 1.442577
Train Epoch: 4 [21120/35339 (60%)]	Loss: 0.828529
Train Epoch: 4 [21760/35339 (61%)]	Loss: 1.393781
Train Epoch: 4 [22400/35339 (63%)]	Loss: 1.141082
Train Epoch: 4 [23040/35339 (65%)]	Loss: 1.394882
Train Epoch: 4 [23680/35339 (67%)]	Loss: 1.075593
Train Epoch: 4 [24320/35339 (69%)]	Loss: 1.136081
Train Epoch: 4 [24960/35339 (71%)]	Loss: 0.801824
Train Epoch: 4 [25600/35339 (72%)]	Loss: 1.147254
Train Epoch: 4 [26240/35339 (74%)]	Loss: 1.291146
Train Epoch: 4 [26880/35339 (76%)]	Loss: 0.778839
Train Epoch: 4 [27520/35339 (78%)]	Loss: 0.947337
Train Epoch: 4 [28160/35339 (80%)]	Loss: 0.998618
Train Epoch: 4 [28800/35339 (81%)]	Loss: 0.977069
Train Epoch: 4 [29440/35339 (83%)]	Loss: 1.206975
Train Epoch: 4 [30080/35339 (85%)]	Loss: 0.996650
Train Epoch: 4 [30720/35339 (87%)]	Loss: 1.163993
Train Epoch: 4 [31360/35339 (89%)]	Loss: 0.870558
Train Epoch: 4 [32000/35339 (90%)]	Loss: 1.178226
Train Epoch: 4 [32640/35339 (92%)]	Loss: 1.039799
Train Epoch: 4 [33280/35339 (94%)]	Loss: 0.843313
Train Epoch: 4 [33920/35339 (96%)]	Loss: 0.816726
Train Epoch: 4 [34560/35339 (98%)]	Loss: 1.097174
Train Epoch: 4 [35200/35339 (99%)]	Loss: 1.031256

Validation set: Average loss: 1.1682, Accuracy: 2512/3870 (65%)


Saved model to model_4.pth. You can run `python evaluate.py --modelmodel_4.pth` to generate the Kaggle formatted csv file
Train Epoch: 5 [0/35339 (0%)]	Loss: 1.018920
Train Epoch: 5 [640/35339 (2%)]	Loss: 1.128488
Train Epoch: 5 [1280/35339 (4%)]	Loss: 1.111232
Train Epoch: 5 [1920/35339 (5%)]	Loss: 1.149266
Train Epoch: 5 [2560/35339 (7%)]	Loss: 1.001448
Train Epoch: 5 [3200/35339 (9%)]	Loss: 0.955607
Train Epoch: 5 [3840/35339 (11%)]	Loss: 0.917824
Train Epoch: 5 [4480/35339 (13%)]	Loss: 1.045219
Train Epoch: 5 [5120/35339 (14%)]	Loss: 0.801352
Train Epoch: 5 [5760/35339 (16%)]	Loss: 0.808235
Train Epoch: 5 [6400/35339 (18%)]	Loss: 0.839727
Train Epoch: 5 [7040/35339 (20%)]	Loss: 0.940493
Train Epoch: 5 [7680/35339 (22%)]	Loss: 1.084103
Train Epoch: 5 [8320/35339 (24%)]	Loss: 1.093171
Train Epoch: 5 [8960/35339 (25%)]	Loss: 1.062093
Train Epoch: 5 [9600/35339 (27%)]	Loss: 1.098971
Train Epoch: 5 [10240/35339 (29%)]	Loss: 1.239395
Train Epoch: 5 [10880/35339 (31%)]	Loss: 0.932529
Train Epoch: 5 [11520/35339 (33%)]	Loss: 0.594960
Train Epoch: 5 [12160/35339 (34%)]	Loss: 1.087801
Train Epoch: 5 [12800/35339 (36%)]	Loss: 0.905089
Train Epoch: 5 [13440/35339 (38%)]	Loss: 1.148928
Train Epoch: 5 [14080/35339 (40%)]	Loss: 1.112198
Train Epoch: 5 [14720/35339 (42%)]	Loss: 1.112671
Train Epoch: 5 [15360/35339 (43%)]	Loss: 0.622490
Train Epoch: 5 [16000/35339 (45%)]	Loss: 1.035742
Train Epoch: 5 [16640/35339 (47%)]	Loss: 0.898389
Train Epoch: 5 [17280/35339 (49%)]	Loss: 1.215872
Train Epoch: 5 [17920/35339 (51%)]	Loss: 0.874491
Train Epoch: 5 [18560/35339 (52%)]	Loss: 1.007492
Train Epoch: 5 [19200/35339 (54%)]	Loss: 0.941504
Train Epoch: 5 [19840/35339 (56%)]	Loss: 1.131809
Train Epoch: 5 [20480/35339 (58%)]	Loss: 0.679473
Train Epoch: 5 [21120/35339 (60%)]	Loss: 0.863541
Train Epoch: 5 [21760/35339 (61%)]	Loss: 0.931974
Train Epoch: 5 [22400/35339 (63%)]	Loss: 1.286508
Train Epoch: 5 [23040/35339 (65%)]	Loss: 0.651378
Train Epoch: 5 [23680/35339 (67%)]	Loss: 0.839516
Train Epoch: 5 [24320/35339 (69%)]	Loss: 0.878604
Train Epoch: 5 [24960/35339 (71%)]	Loss: 0.876563
Train Epoch: 5 [25600/35339 (72%)]	Loss: 0.813692
Train Epoch: 5 [26240/35339 (74%)]	Loss: 0.880249
Train Epoch: 5 [26880/35339 (76%)]	Loss: 0.860595
Train Epoch: 5 [27520/35339 (78%)]	Loss: 0.775261
Train Epoch: 5 [28160/35339 (80%)]	Loss: 0.944766
Train Epoch: 5 [28800/35339 (81%)]	Loss: 0.733835
Train Epoch: 5 [29440/35339 (83%)]	Loss: 0.785751
Train Epoch: 5 [30080/35339 (85%)]	Loss: 0.893856
Train Epoch: 5 [30720/35339 (87%)]	Loss: 1.032548
Train Epoch: 5 [31360/35339 (89%)]	Loss: 0.883642
Train Epoch: 5 [32000/35339 (90%)]	Loss: 0.709748
Train Epoch: 5 [32640/35339 (92%)]	Loss: 0.789306
Train Epoch: 5 [33280/35339 (94%)]	Loss: 0.734926
Train Epoch: 5 [33920/35339 (96%)]	Loss: 0.872699
Train Epoch: 5 [34560/35339 (98%)]	Loss: 0.663127
Train Epoch: 5 [35200/35339 (99%)]	Loss: 0.991574

Validation set: Average loss: 0.9722, Accuracy: 2772/3870 (72%)


Saved model to model_5.pth. You can run `python evaluate.py --modelmodel_5.pth` to generate the Kaggle formatted csv file
Train Epoch: 6 [0/35339 (0%)]	Loss: 0.946963
Train Epoch: 6 [640/35339 (2%)]	Loss: 0.755423
Train Epoch: 6 [1280/35339 (4%)]	Loss: 0.860723
Train Epoch: 6 [1920/35339 (5%)]	Loss: 0.902166
Train Epoch: 6 [2560/35339 (7%)]	Loss: 0.652962
Train Epoch: 6 [3200/35339 (9%)]	Loss: 0.729908
Train Epoch: 6 [3840/35339 (11%)]	Loss: 0.960456
Train Epoch: 6 [4480/35339 (13%)]	Loss: 0.902725
Train Epoch: 6 [5120/35339 (14%)]	Loss: 1.093437
Train Epoch: 6 [5760/35339 (16%)]	Loss: 1.026105
Train Epoch: 6 [6400/35339 (18%)]	Loss: 0.839571
Train Epoch: 6 [7040/35339 (20%)]	Loss: 0.762623
Train Epoch: 6 [7680/35339 (22%)]	Loss: 0.936205
Train Epoch: 6 [8320/35339 (24%)]	Loss: 0.856601
Train Epoch: 6 [8960/35339 (25%)]	Loss: 0.767443
Train Epoch: 6 [9600/35339 (27%)]	Loss: 0.659141
Train Epoch: 6 [10240/35339 (29%)]	Loss: 0.814373
Train Epoch: 6 [10880/35339 (31%)]	Loss: 0.852026
Train Epoch: 6 [11520/35339 (33%)]	Loss: 0.714992
Train Epoch: 6 [12160/35339 (34%)]	Loss: 0.716230
Train Epoch: 6 [12800/35339 (36%)]	Loss: 0.956813
Train Epoch: 6 [13440/35339 (38%)]	Loss: 0.731249
Train Epoch: 6 [14080/35339 (40%)]	Loss: 0.862053
Train Epoch: 6 [14720/35339 (42%)]	Loss: 0.887269
Train Epoch: 6 [15360/35339 (43%)]	Loss: 0.643882
Train Epoch: 6 [16000/35339 (45%)]	Loss: 0.972311
Train Epoch: 6 [16640/35339 (47%)]	Loss: 0.769610
Train Epoch: 6 [17280/35339 (49%)]	Loss: 0.955549
Train Epoch: 6 [17920/35339 (51%)]	Loss: 0.769553
Train Epoch: 6 [18560/35339 (52%)]	Loss: 0.806013
Train Epoch: 6 [19200/35339 (54%)]	Loss: 1.069402
Train Epoch: 6 [19840/35339 (56%)]	Loss: 0.750796
Train Epoch: 6 [20480/35339 (58%)]	Loss: 0.846343
Train Epoch: 6 [21120/35339 (60%)]	Loss: 0.749852
Train Epoch: 6 [21760/35339 (61%)]	Loss: 0.666840
Train Epoch: 6 [22400/35339 (63%)]	Loss: 0.767428
Train Epoch: 6 [23040/35339 (65%)]	Loss: 0.901435
Train Epoch: 6 [23680/35339 (67%)]	Loss: 0.994656
Train Epoch: 6 [24320/35339 (69%)]	Loss: 0.876723
Train Epoch: 6 [24960/35339 (71%)]	Loss: 0.727407
Train Epoch: 6 [25600/35339 (72%)]	Loss: 0.760415
Train Epoch: 6 [26240/35339 (74%)]	Loss: 0.928710
Train Epoch: 6 [26880/35339 (76%)]	Loss: 0.723745
Train Epoch: 6 [27520/35339 (78%)]	Loss: 0.783529
Train Epoch: 6 [28160/35339 (80%)]	Loss: 0.957682
Train Epoch: 6 [28800/35339 (81%)]	Loss: 1.011649
Train Epoch: 6 [29440/35339 (83%)]	Loss: 0.741651
Train Epoch: 6 [30080/35339 (85%)]	Loss: 0.634751
Train Epoch: 6 [30720/35339 (87%)]	Loss: 0.697410
Train Epoch: 6 [31360/35339 (89%)]	Loss: 0.892496
Train Epoch: 6 [32000/35339 (90%)]	Loss: 0.839044
Train Epoch: 6 [32640/35339 (92%)]	Loss: 0.851143
Train Epoch: 6 [33280/35339 (94%)]	Loss: 0.738950
Train Epoch: 6 [33920/35339 (96%)]	Loss: 0.817683
Train Epoch: 6 [34560/35339 (98%)]	Loss: 0.849759
Train Epoch: 6 [35200/35339 (99%)]	Loss: 1.193254

Validation set: Average loss: 0.8426, Accuracy: 2925/3870 (76%)


Saved model to model_6.pth. You can run `python evaluate.py --modelmodel_6.pth` to generate the Kaggle formatted csv file
Train Epoch: 7 [0/35339 (0%)]	Loss: 0.754902
Train Epoch: 7 [640/35339 (2%)]	Loss: 0.699929
Train Epoch: 7 [1280/35339 (4%)]	Loss: 0.874487
Train Epoch: 7 [1920/35339 (5%)]	Loss: 0.804096
Train Epoch: 7 [2560/35339 (7%)]	Loss: 0.931529
Train Epoch: 7 [3200/35339 (9%)]	Loss: 0.736471
Train Epoch: 7 [3840/35339 (11%)]	Loss: 0.660072
Train Epoch: 7 [4480/35339 (13%)]	Loss: 0.669539
Train Epoch: 7 [5120/35339 (14%)]	Loss: 0.891920
Train Epoch: 7 [5760/35339 (16%)]	Loss: 0.568969
Train Epoch: 7 [6400/35339 (18%)]	Loss: 0.880421
Train Epoch: 7 [7040/35339 (20%)]	Loss: 1.025596
Train Epoch: 7 [7680/35339 (22%)]	Loss: 0.701129
Train Epoch: 7 [8320/35339 (24%)]	Loss: 0.622273
Train Epoch: 7 [8960/35339 (25%)]	Loss: 0.919515
Train Epoch: 7 [9600/35339 (27%)]	Loss: 0.748680
Train Epoch: 7 [10240/35339 (29%)]	Loss: 0.746826
Train Epoch: 7 [10880/35339 (31%)]	Loss: 0.570532
Train Epoch: 7 [11520/35339 (33%)]	Loss: 0.660739
Train Epoch: 7 [12160/35339 (34%)]	Loss: 0.649592
Train Epoch: 7 [12800/35339 (36%)]	Loss: 0.720056
Train Epoch: 7 [13440/35339 (38%)]	Loss: 0.768886
Train Epoch: 7 [14080/35339 (40%)]	Loss: 0.853082
Train Epoch: 7 [14720/35339 (42%)]	Loss: 0.619945
Train Epoch: 7 [15360/35339 (43%)]	Loss: 0.818451
Train Epoch: 7 [16000/35339 (45%)]	Loss: 1.119962
Train Epoch: 7 [16640/35339 (47%)]	Loss: 0.723174
Train Epoch: 7 [17280/35339 (49%)]	Loss: 1.031944
Train Epoch: 7 [17920/35339 (51%)]	Loss: 0.804057
Train Epoch: 7 [18560/35339 (52%)]	Loss: 0.884447
Train Epoch: 7 [19200/35339 (54%)]	Loss: 0.783188
Train Epoch: 7 [19840/35339 (56%)]	Loss: 0.751887
Train Epoch: 7 [20480/35339 (58%)]	Loss: 0.528449
Train Epoch: 7 [21120/35339 (60%)]	Loss: 0.561734
Train Epoch: 7 [21760/35339 (61%)]	Loss: 0.604483
Train Epoch: 7 [22400/35339 (63%)]	Loss: 0.587142
Train Epoch: 7 [23040/35339 (65%)]	Loss: 0.766218
Train Epoch: 7 [23680/35339 (67%)]	Loss: 0.712776
Train Epoch: 7 [24320/35339 (69%)]	Loss: 0.641413
Train Epoch: 7 [24960/35339 (71%)]	Loss: 0.734976
Train Epoch: 7 [25600/35339 (72%)]	Loss: 0.745452
Train Epoch: 7 [26240/35339 (74%)]	Loss: 0.949260
Train Epoch: 7 [26880/35339 (76%)]	Loss: 0.632451
Train Epoch: 7 [27520/35339 (78%)]	Loss: 0.952894
Train Epoch: 7 [28160/35339 (80%)]	Loss: 0.809551
Train Epoch: 7 [28800/35339 (81%)]	Loss: 0.827880
Train Epoch: 7 [29440/35339 (83%)]	Loss: 0.685791
Train Epoch: 7 [30080/35339 (85%)]	Loss: 0.841637
Train Epoch: 7 [30720/35339 (87%)]	Loss: 0.515381
Train Epoch: 7 [31360/35339 (89%)]	Loss: 0.766459
Train Epoch: 7 [32000/35339 (90%)]	Loss: 0.633695
Train Epoch: 7 [32640/35339 (92%)]	Loss: 0.487239
Train Epoch: 7 [33280/35339 (94%)]	Loss: 0.566977
Train Epoch: 7 [33920/35339 (96%)]	Loss: 0.850930
Train Epoch: 7 [34560/35339 (98%)]	Loss: 0.563841
Train Epoch: 7 [35200/35339 (99%)]	Loss: 0.816986

Validation set: Average loss: 0.7067, Accuracy: 3081/3870 (80%)


Saved model to model_7.pth. You can run `python evaluate.py --modelmodel_7.pth` to generate the Kaggle formatted csv file
Train Epoch: 8 [0/35339 (0%)]	Loss: 0.426025
Train Epoch: 8 [640/35339 (2%)]	Loss: 0.770370
Train Epoch: 8 [1280/35339 (4%)]	Loss: 0.782452
Train Epoch: 8 [1920/35339 (5%)]	Loss: 0.706384
Train Epoch: 8 [2560/35339 (7%)]	Loss: 0.766544
Train Epoch: 8 [3200/35339 (9%)]	Loss: 0.663909
Train Epoch: 8 [3840/35339 (11%)]	Loss: 0.637769
Train Epoch: 8 [4480/35339 (13%)]	Loss: 0.686577
Train Epoch: 8 [5120/35339 (14%)]	Loss: 0.836597
Train Epoch: 8 [5760/35339 (16%)]	Loss: 0.637928
Train Epoch: 8 [6400/35339 (18%)]	Loss: 0.557035
Train Epoch: 8 [7040/35339 (20%)]	Loss: 1.003851
Train Epoch: 8 [7680/35339 (22%)]	Loss: 0.794644
Train Epoch: 8 [8320/35339 (24%)]	Loss: 0.847981
Train Epoch: 8 [8960/35339 (25%)]	Loss: 0.535581
Train Epoch: 8 [9600/35339 (27%)]	Loss: 0.780942
Train Epoch: 8 [10240/35339 (29%)]	Loss: 0.739660
Train Epoch: 8 [10880/35339 (31%)]	Loss: 0.634898
Train Epoch: 8 [11520/35339 (33%)]	Loss: 0.652618
Train Epoch: 8 [12160/35339 (34%)]	Loss: 0.600372
Train Epoch: 8 [12800/35339 (36%)]	Loss: 0.538793
Train Epoch: 8 [13440/35339 (38%)]	Loss: 0.966238
Train Epoch: 8 [14080/35339 (40%)]	Loss: 0.650492
Train Epoch: 8 [14720/35339 (42%)]	Loss: 0.846724
Train Epoch: 8 [15360/35339 (43%)]	Loss: 0.714641
Train Epoch: 8 [16000/35339 (45%)]	Loss: 0.518479
Train Epoch: 8 [16640/35339 (47%)]	Loss: 0.868787
Train Epoch: 8 [17280/35339 (49%)]	Loss: 0.451794
Train Epoch: 8 [17920/35339 (51%)]	Loss: 0.742970
Train Epoch: 8 [18560/35339 (52%)]	Loss: 0.646358
Train Epoch: 8 [19200/35339 (54%)]	Loss: 0.558163
Train Epoch: 8 [19840/35339 (56%)]	Loss: 0.681499
Train Epoch: 8 [20480/35339 (58%)]	Loss: 0.617752
Train Epoch: 8 [21120/35339 (60%)]	Loss: 0.713673
Train Epoch: 8 [21760/35339 (61%)]	Loss: 0.837112
Train Epoch: 8 [22400/35339 (63%)]	Loss: 0.500861
Train Epoch: 8 [23040/35339 (65%)]	Loss: 0.423971
Train Epoch: 8 [23680/35339 (67%)]	Loss: 0.863347
Train Epoch: 8 [24320/35339 (69%)]	Loss: 0.692895
Train Epoch: 8 [24960/35339 (71%)]	Loss: 0.655976
Train Epoch: 8 [25600/35339 (72%)]	Loss: 0.560646
Train Epoch: 8 [26240/35339 (74%)]	Loss: 0.523548
Train Epoch: 8 [26880/35339 (76%)]	Loss: 0.598796
Train Epoch: 8 [27520/35339 (78%)]	Loss: 0.864577
Train Epoch: 8 [28160/35339 (80%)]	Loss: 0.593685
Train Epoch: 8 [28800/35339 (81%)]	Loss: 0.647896
Train Epoch: 8 [29440/35339 (83%)]	Loss: 0.645464
Train Epoch: 8 [30080/35339 (85%)]	Loss: 0.544653
Train Epoch: 8 [30720/35339 (87%)]	Loss: 0.592515
Train Epoch: 8 [31360/35339 (89%)]	Loss: 0.558662
Train Epoch: 8 [32000/35339 (90%)]	Loss: 0.725885
Train Epoch: 8 [32640/35339 (92%)]	Loss: 0.622216
Train Epoch: 8 [33280/35339 (94%)]	Loss: 0.763837
Train Epoch: 8 [33920/35339 (96%)]	Loss: 0.799411
Train Epoch: 8 [34560/35339 (98%)]	Loss: 0.679774
Train Epoch: 8 [35200/35339 (99%)]	Loss: 0.497711

Validation set: Average loss: 0.6688, Accuracy: 3147/3870 (81%)


Saved model to model_8.pth. You can run `python evaluate.py --modelmodel_8.pth` to generate the Kaggle formatted csv file
Train Epoch: 9 [0/35339 (0%)]	Loss: 0.760736
Train Epoch: 9 [640/35339 (2%)]	Loss: 0.875541
Train Epoch: 9 [1280/35339 (4%)]	Loss: 0.981975
Train Epoch: 9 [1920/35339 (5%)]	Loss: 0.740284
Train Epoch: 9 [2560/35339 (7%)]	Loss: 0.684824
Train Epoch: 9 [3200/35339 (9%)]	Loss: 0.408469
Train Epoch: 9 [3840/35339 (11%)]	Loss: 0.822868
Train Epoch: 9 [4480/35339 (13%)]	Loss: 0.418214
Train Epoch: 9 [5120/35339 (14%)]	Loss: 0.778938
Train Epoch: 9 [5760/35339 (16%)]	Loss: 0.467219
Train Epoch: 9 [6400/35339 (18%)]	Loss: 0.472863
Train Epoch: 9 [7040/35339 (20%)]	Loss: 0.503037
Train Epoch: 9 [7680/35339 (22%)]	Loss: 0.786509
Train Epoch: 9 [8320/35339 (24%)]	Loss: 0.639719
Train Epoch: 9 [8960/35339 (25%)]	Loss: 0.541863
Train Epoch: 9 [9600/35339 (27%)]	Loss: 0.576748
Train Epoch: 9 [10240/35339 (29%)]	Loss: 0.834088
Train Epoch: 9 [10880/35339 (31%)]	Loss: 0.828442
Train Epoch: 9 [11520/35339 (33%)]	Loss: 0.851290
Train Epoch: 9 [12160/35339 (34%)]	Loss: 0.552697
Train Epoch: 9 [12800/35339 (36%)]	Loss: 0.954472
Train Epoch: 9 [13440/35339 (38%)]	Loss: 0.878118
Train Epoch: 9 [14080/35339 (40%)]	Loss: 0.492640
Train Epoch: 9 [14720/35339 (42%)]	Loss: 0.516548
Train Epoch: 9 [15360/35339 (43%)]	Loss: 0.452648
Train Epoch: 9 [16000/35339 (45%)]	Loss: 0.444256
Train Epoch: 9 [16640/35339 (47%)]	Loss: 0.465763
Train Epoch: 9 [17280/35339 (49%)]	Loss: 0.788490
Train Epoch: 9 [17920/35339 (51%)]	Loss: 0.717545
Train Epoch: 9 [18560/35339 (52%)]	Loss: 0.462271
Train Epoch: 9 [19200/35339 (54%)]	Loss: 0.601336
Train Epoch: 9 [19840/35339 (56%)]	Loss: 0.479457
Train Epoch: 9 [20480/35339 (58%)]	Loss: 0.760773
Train Epoch: 9 [21120/35339 (60%)]	Loss: 0.475023
Train Epoch: 9 [21760/35339 (61%)]	Loss: 0.367341
Train Epoch: 9 [22400/35339 (63%)]	Loss: 0.438853
Train Epoch: 9 [23040/35339 (65%)]	Loss: 0.476835
Train Epoch: 9 [23680/35339 (67%)]	Loss: 0.343706
Train Epoch: 9 [24320/35339 (69%)]	Loss: 0.434858
Train Epoch: 9 [24960/35339 (71%)]	Loss: 0.798658
Train Epoch: 9 [25600/35339 (72%)]	Loss: 0.640609
Train Epoch: 9 [26240/35339 (74%)]	Loss: 0.495268
Train Epoch: 9 [26880/35339 (76%)]	Loss: 0.561442
Train Epoch: 9 [27520/35339 (78%)]	Loss: 0.570138
Train Epoch: 9 [28160/35339 (80%)]	Loss: 0.466452
Train Epoch: 9 [28800/35339 (81%)]	Loss: 0.742836
Train Epoch: 9 [29440/35339 (83%)]	Loss: 0.621609
Train Epoch: 9 [30080/35339 (85%)]	Loss: 0.501820
Train Epoch: 9 [30720/35339 (87%)]	Loss: 0.740707
Train Epoch: 9 [31360/35339 (89%)]	Loss: 0.700529
Train Epoch: 9 [32000/35339 (90%)]	Loss: 0.585682
Train Epoch: 9 [32640/35339 (92%)]	Loss: 0.851010
Train Epoch: 9 [33280/35339 (94%)]	Loss: 0.380124
Train Epoch: 9 [33920/35339 (96%)]	Loss: 0.761546
Train Epoch: 9 [34560/35339 (98%)]	Loss: 0.589856
Train Epoch: 9 [35200/35339 (99%)]	Loss: 0.471235

Validation set: Average loss: 0.6231, Accuracy: 3197/3870 (83%)


Saved model to model_9.pth. You can run `python evaluate.py --modelmodel_9.pth` to generate the Kaggle formatted csv file
Train Epoch: 10 [0/35339 (0%)]	Loss: 0.727162
Train Epoch: 10 [640/35339 (2%)]	Loss: 0.354424
Train Epoch: 10 [1280/35339 (4%)]	Loss: 0.721803
Train Epoch: 10 [1920/35339 (5%)]	Loss: 0.500108
Train Epoch: 10 [2560/35339 (7%)]	Loss: 0.779125
Train Epoch: 10 [3200/35339 (9%)]	Loss: 0.557388
Train Epoch: 10 [3840/35339 (11%)]	Loss: 0.666833
Train Epoch: 10 [4480/35339 (13%)]	Loss: 0.451450
Train Epoch: 10 [5120/35339 (14%)]	Loss: 0.796721
Train Epoch: 10 [5760/35339 (16%)]	Loss: 0.874347
Train Epoch: 10 [6400/35339 (18%)]	Loss: 0.595599
Train Epoch: 10 [7040/35339 (20%)]	Loss: 0.622811
Train Epoch: 10 [7680/35339 (22%)]	Loss: 0.484587
Train Epoch: 10 [8320/35339 (24%)]	Loss: 0.652756
Train Epoch: 10 [8960/35339 (25%)]	Loss: 0.515840
Train Epoch: 10 [9600/35339 (27%)]	Loss: 0.461373
Train Epoch: 10 [10240/35339 (29%)]	Loss: 0.444013
Train Epoch: 10 [10880/35339 (31%)]	Loss: 0.557672
Train Epoch: 10 [11520/35339 (33%)]	Loss: 0.441274
Train Epoch: 10 [12160/35339 (34%)]	Loss: 0.608146
Train Epoch: 10 [12800/35339 (36%)]	Loss: 0.575665
Train Epoch: 10 [13440/35339 (38%)]	Loss: 0.659522
Train Epoch: 10 [14080/35339 (40%)]	Loss: 0.535982
Train Epoch: 10 [14720/35339 (42%)]	Loss: 0.680275
Train Epoch: 10 [15360/35339 (43%)]	Loss: 0.649250
Train Epoch: 10 [16000/35339 (45%)]	Loss: 0.613550
Train Epoch: 10 [16640/35339 (47%)]	Loss: 0.519938
Train Epoch: 10 [17280/35339 (49%)]	Loss: 0.797928
Train Epoch: 10 [17920/35339 (51%)]	Loss: 0.679865
Train Epoch: 10 [18560/35339 (52%)]	Loss: 0.492020
Train Epoch: 10 [19200/35339 (54%)]	Loss: 0.487864
Train Epoch: 10 [19840/35339 (56%)]	Loss: 0.311577
Train Epoch: 10 [20480/35339 (58%)]	Loss: 0.514234
Train Epoch: 10 [21120/35339 (60%)]	Loss: 0.366108
Train Epoch: 10 [21760/35339 (61%)]	Loss: 0.602002
Train Epoch: 10 [22400/35339 (63%)]	Loss: 0.327238
Train Epoch: 10 [23040/35339 (65%)]	Loss: 0.608340
Train Epoch: 10 [23680/35339 (67%)]	Loss: 0.536959
Train Epoch: 10 [24320/35339 (69%)]	Loss: 0.642485
Train Epoch: 10 [24960/35339 (71%)]	Loss: 0.686773
Train Epoch: 10 [25600/35339 (72%)]	Loss: 0.603498
Train Epoch: 10 [26240/35339 (74%)]	Loss: 0.705111
Train Epoch: 10 [26880/35339 (76%)]	Loss: 0.630860
Train Epoch: 10 [27520/35339 (78%)]	Loss: 0.655456
Train Epoch: 10 [28160/35339 (80%)]	Loss: 0.469377
Train Epoch: 10 [28800/35339 (81%)]	Loss: 0.454298
Train Epoch: 10 [29440/35339 (83%)]	Loss: 0.710306
Train Epoch: 10 [30080/35339 (85%)]	Loss: 0.496929
Train Epoch: 10 [30720/35339 (87%)]	Loss: 0.489603
Train Epoch: 10 [31360/35339 (89%)]	Loss: 0.605987
Train Epoch: 10 [32000/35339 (90%)]	Loss: 0.407829
Train Epoch: 10 [32640/35339 (92%)]	Loss: 0.346506
Train Epoch: 10 [33280/35339 (94%)]	Loss: 0.515691
Train Epoch: 10 [33920/35339 (96%)]	Loss: 0.410637
Train Epoch: 10 [34560/35339 (98%)]	Loss: 0.433687
Train Epoch: 10 [35200/35339 (99%)]	Loss: 0.457552

Validation set: Average loss: 0.5447, Accuracy: 3306/3870 (85%)


Saved model to model_10.pth. You can run `python evaluate.py --modelmodel_10.pth` to generate the Kaggle formatted csv file
